{
  "uid" : "d7ae369f29a2a2e8",
  "name" : "test_negative_login",
  "fullName" : "test_ui.test_ui_page.TestLoginPage#test_negative_login",
  "historyId" : "54b5c4bfb4eac8a3b161a8f5475079d3",
  "time" : {
    "start" : 1725468405927,
    "stop" : 1725468416168,
    "duration" : 10241
  },
  "status" : "broken",
  "statusMessage" : "selenium.common.exceptions.TimeoutException: Message: Can't find element by locator ('xpath', '//input[@id=\"username\"]')\nStacktrace:\n#0 0x55edd025f8da <unknown>\n#1 0x55edcff2de50 <unknown>\n#2 0x55edcff7d644 <unknown>\n#3 0x55edcff7d931 <unknown>\n#4 0x55edcffc3534 <unknown>\n#5 0x55edcffa24bd <unknown>\n#6 0x55edcffc09c6 <unknown>\n#7 0x55edcffa2233 <unknown>\n#8 0x55edcff70093 <unknown>\n#9 0x55edcff7109e <unknown>\n#10 0x55edd0226b3b <unknown>\n#11 0x55edd022aaf1 <unknown>\n#12 0x55edd0212705 <unknown>\n#13 0x55edd022b662 <unknown>\n#14 0x55edd01f78df <unknown>\n#15 0x55edd024e6d8 <unknown>\n#16 0x55edd024e8a2 <unknown>\n#17 0x55edd025e6cc <unknown>\n#18 0x7efe7d494ac3 <unknown>",
  "statusTrace" : "self = <test_ui.test_ui_page.TestLoginPage object at 0x7f3c3f1af6e0>\ndriver = <selenium.webdriver.chrome.webdriver.WebDriver (session=\"71b9d5393515891eced5ab5ac53abad9\")>\n\n    @allure.title('test_negative_login')\n    def test_negative_login(self, driver):\n        page = LoginPage(driver, TestDataLinks.login_page)\n>       page.input_login('lambotik')\n\ntest_ui/test_ui_page.py:27: \n_ _ _ _ _ _ _ _ _ _ _ _ _ _ _ _ _ _ _ _ _ _ _ _ _ _ _ _ _ _ _ _ _ _ _ _ _ _ _ _ \ntest_ui/login_page.py:13: in input_login\n    self.element_is_visible(self.locators.INPUT_USER_NAME).send_keys(user_name)\ntest_ui/base_page.py:24: in element_is_visible\n    self.go_to_element(self.element_is_present(locator))\ntest_ui/base_page.py:29: in element_is_present\n    return Wait(self.driver, self.timeout).until(\n_ _ _ _ _ _ _ _ _ _ _ _ _ _ _ _ _ _ _ _ _ _ _ _ _ _ _ _ _ _ _ _ _ _ _ _ _ _ _ _ \n\nself = <selenium.webdriver.support.wait.WebDriverWait (session=\"71b9d5393515891eced5ab5ac53abad9\")>\nmethod = <function presence_of_element_located.<locals>._predicate at 0x7f3c3f125260>\nmessage = 'Can\\'t find element by locator (\\'xpath\\', \\'//input[@id=\"username\"]\\')'\n\n    def until(self, method: Callable[[D], Union[Literal[False], T]], message: str = \"\") -> T:\n        \"\"\"Calls the method provided with the driver as an argument until the \\\n        return value does not evaluate to ``False``.\n    \n        :param method: callable(WebDriver)\n        :param message: optional message for :exc:`TimeoutException`\n        :returns: the result of the last call to `method`\n        :raises: :exc:`selenium.common.exceptions.TimeoutException` if timeout occurs\n        \"\"\"\n        screen = None\n        stacktrace = None\n    \n        end_time = time.monotonic() + self._timeout\n        while True:\n            try:\n                value = method(self._driver)\n                if value:\n                    return value\n            except self._ignored_exceptions as exc:\n                screen = getattr(exc, \"screen\", None)\n                stacktrace = getattr(exc, \"stacktrace\", None)\n            time.sleep(self._poll)\n            if time.monotonic() > end_time:\n                break\n>       raise TimeoutException(message, screen, stacktrace)\nE       selenium.common.exceptions.TimeoutException: Message: Can't find element by locator ('xpath', '//input[@id=\"username\"]')\nE       Stacktrace:\nE       #0 0x55edd025f8da <unknown>\nE       #1 0x55edcff2de50 <unknown>\nE       #2 0x55edcff7d644 <unknown>\nE       #3 0x55edcff7d931 <unknown>\nE       #4 0x55edcffc3534 <unknown>\nE       #5 0x55edcffa24bd <unknown>\nE       #6 0x55edcffc09c6 <unknown>\nE       #7 0x55edcffa2233 <unknown>\nE       #8 0x55edcff70093 <unknown>\nE       #9 0x55edcff7109e <unknown>\nE       #10 0x55edd0226b3b <unknown>\nE       #11 0x55edd022aaf1 <unknown>\nE       #12 0x55edd0212705 <unknown>\nE       #13 0x55edd022b662 <unknown>\nE       #14 0x55edd01f78df <unknown>\nE       #15 0x55edd024e6d8 <unknown>\nE       #16 0x55edd024e8a2 <unknown>\nE       #17 0x55edd025e6cc <unknown>\nE       #18 0x7efe7d494ac3 <unknown>\n\n/opt/hostedtoolcache/Python/3.12.5/x64/lib/python3.12/site-packages/selenium/webdriver/support/wait.py:105: TimeoutException",
  "flaky" : false,
  "newFailed" : false,
  "beforeStages" : [ {
    "name" : "driver",
    "time" : {
      "start" : 1725468405643,
      "stop" : 1725468405926,
      "duration" : 283
    },
    "status" : "passed",
    "steps" : [ ],
    "attachments" : [ ],
    "parameters" : [ ],
    "stepsCount" : 0,
    "attachmentsCount" : 0,
    "shouldDisplayMessage" : false,
    "hasContent" : false
  } ],
  "testStage" : {
    "status" : "broken",
    "statusMessage" : "selenium.common.exceptions.TimeoutException: Message: Can't find element by locator ('xpath', '//input[@id=\"username\"]')\nStacktrace:\n#0 0x55edd025f8da <unknown>\n#1 0x55edcff2de50 <unknown>\n#2 0x55edcff7d644 <unknown>\n#3 0x55edcff7d931 <unknown>\n#4 0x55edcffc3534 <unknown>\n#5 0x55edcffa24bd <unknown>\n#6 0x55edcffc09c6 <unknown>\n#7 0x55edcffa2233 <unknown>\n#8 0x55edcff70093 <unknown>\n#9 0x55edcff7109e <unknown>\n#10 0x55edd0226b3b <unknown>\n#11 0x55edd022aaf1 <unknown>\n#12 0x55edd0212705 <unknown>\n#13 0x55edd022b662 <unknown>\n#14 0x55edd01f78df <unknown>\n#15 0x55edd024e6d8 <unknown>\n#16 0x55edd024e8a2 <unknown>\n#17 0x55edd025e6cc <unknown>\n#18 0x7efe7d494ac3 <unknown>",
    "statusTrace" : "self = <test_ui.test_ui_page.TestLoginPage object at 0x7f3c3f1af6e0>\ndriver = <selenium.webdriver.chrome.webdriver.WebDriver (session=\"71b9d5393515891eced5ab5ac53abad9\")>\n\n    @allure.title('test_negative_login')\n    def test_negative_login(self, driver):\n        page = LoginPage(driver, TestDataLinks.login_page)\n>       page.input_login('lambotik')\n\ntest_ui/test_ui_page.py:27: \n_ _ _ _ _ _ _ _ _ _ _ _ _ _ _ _ _ _ _ _ _ _ _ _ _ _ _ _ _ _ _ _ _ _ _ _ _ _ _ _ \ntest_ui/login_page.py:13: in input_login\n    self.element_is_visible(self.locators.INPUT_USER_NAME).send_keys(user_name)\ntest_ui/base_page.py:24: in element_is_visible\n    self.go_to_element(self.element_is_present(locator))\ntest_ui/base_page.py:29: in element_is_present\n    return Wait(self.driver, self.timeout).until(\n_ _ _ _ _ _ _ _ _ _ _ _ _ _ _ _ _ _ _ _ _ _ _ _ _ _ _ _ _ _ _ _ _ _ _ _ _ _ _ _ \n\nself = <selenium.webdriver.support.wait.WebDriverWait (session=\"71b9d5393515891eced5ab5ac53abad9\")>\nmethod = <function presence_of_element_located.<locals>._predicate at 0x7f3c3f125260>\nmessage = 'Can\\'t find element by locator (\\'xpath\\', \\'//input[@id=\"username\"]\\')'\n\n    def until(self, method: Callable[[D], Union[Literal[False], T]], message: str = \"\") -> T:\n        \"\"\"Calls the method provided with the driver as an argument until the \\\n        return value does not evaluate to ``False``.\n    \n        :param method: callable(WebDriver)\n        :param message: optional message for :exc:`TimeoutException`\n        :returns: the result of the last call to `method`\n        :raises: :exc:`selenium.common.exceptions.TimeoutException` if timeout occurs\n        \"\"\"\n        screen = None\n        stacktrace = None\n    \n        end_time = time.monotonic() + self._timeout\n        while True:\n            try:\n                value = method(self._driver)\n                if value:\n                    return value\n            except self._ignored_exceptions as exc:\n                screen = getattr(exc, \"screen\", None)\n                stacktrace = getattr(exc, \"stacktrace\", None)\n            time.sleep(self._poll)\n            if time.monotonic() > end_time:\n                break\n>       raise TimeoutException(message, screen, stacktrace)\nE       selenium.common.exceptions.TimeoutException: Message: Can't find element by locator ('xpath', '//input[@id=\"username\"]')\nE       Stacktrace:\nE       #0 0x55edd025f8da <unknown>\nE       #1 0x55edcff2de50 <unknown>\nE       #2 0x55edcff7d644 <unknown>\nE       #3 0x55edcff7d931 <unknown>\nE       #4 0x55edcffc3534 <unknown>\nE       #5 0x55edcffa24bd <unknown>\nE       #6 0x55edcffc09c6 <unknown>\nE       #7 0x55edcffa2233 <unknown>\nE       #8 0x55edcff70093 <unknown>\nE       #9 0x55edcff7109e <unknown>\nE       #10 0x55edd0226b3b <unknown>\nE       #11 0x55edd022aaf1 <unknown>\nE       #12 0x55edd0212705 <unknown>\nE       #13 0x55edd022b662 <unknown>\nE       #14 0x55edd01f78df <unknown>\nE       #15 0x55edd024e6d8 <unknown>\nE       #16 0x55edd024e8a2 <unknown>\nE       #17 0x55edd025e6cc <unknown>\nE       #18 0x7efe7d494ac3 <unknown>\n\n/opt/hostedtoolcache/Python/3.12.5/x64/lib/python3.12/site-packages/selenium/webdriver/support/wait.py:105: TimeoutException",
    "steps" : [ {
      "name" : "Input username.",
      "time" : {
        "start" : 1725468405927,
        "stop" : 1725468416167,
        "duration" : 10240
      },
      "status" : "broken",
      "statusMessage" : "selenium.common.exceptions.TimeoutException: Message: Can't find element by locator ('xpath', '//input[@id=\"username\"]')\nStacktrace:\n#0 0x55edd025f8da <unknown>\n#1 0x55edcff2de50 <unknown>\n#2 0x55edcff7d644 <unknown>\n#3 0x55edcff7d931 <unknown>\n#4 0x55edcffc3534 <unknown>\n#5 0x55edcffa24bd <unknown>\n#6 0x55edcffc09c6 <unknown>\n#7 0x55edcffa2233 <unknown>\n#8 0x55edcff70093 <unknown>\n#9 0x55edcff7109e <unknown>\n#10 0x55edd0226b3b <unknown>\n#11 0x55edd022aaf1 <unknown>\n#12 0x55edd0212705 <unknown>\n#13 0x55edd022b662 <unknown>\n#14 0x55edd01f78df <unknown>\n#15 0x55edd024e6d8 <unknown>\n#16 0x55edd024e8a2 <unknown>\n#17 0x55edd025e6cc <unknown>\n#18 0x7efe7d494ac3 <unknown>\n\n",
      "statusTrace" : "  File \"/opt/hostedtoolcache/Python/3.12.5/x64/lib/python3.12/site-packages/allure_commons/_allure.py\", line 192, in impl\n    return func(*a, **kw)\n           ^^^^^^^^^^^^^^\n  File \"/home/runner/work/new_test_task/new_test_task/test_ui/login_page.py\", line 13, in input_login\n    self.element_is_visible(self.locators.INPUT_USER_NAME).send_keys(user_name)\n    ^^^^^^^^^^^^^^^^^^^^^^^^^^^^^^^^^^^^^^^^^^^^^^^^^^^^^^\n  File \"/home/runner/work/new_test_task/new_test_task/test_ui/base_page.py\", line 24, in element_is_visible\n    self.go_to_element(self.element_is_present(locator))\n                       ^^^^^^^^^^^^^^^^^^^^^^^^^^^^^^^^\n  File \"/home/runner/work/new_test_task/new_test_task/test_ui/base_page.py\", line 29, in element_is_present\n    return Wait(self.driver, self.timeout).until(\n           ^^^^^^^^^^^^^^^^^^^^^^^^^^^^^^^^^^^^^^\n  File \"/opt/hostedtoolcache/Python/3.12.5/x64/lib/python3.12/site-packages/selenium/webdriver/support/wait.py\", line 105, in until\n    raise TimeoutException(message, screen, stacktrace)\n",
      "steps" : [ ],
      "attachments" : [ ],
      "parameters" : [ {
        "name" : "user_name",
        "value" : "'lambotik'"
      } ],
      "stepsCount" : 0,
      "attachmentsCount" : 0,
      "shouldDisplayMessage" : true,
      "hasContent" : true
    } ],
    "attachments" : [ ],
    "parameters" : [ ],
    "stepsCount" : 1,
    "attachmentsCount" : 0,
    "shouldDisplayMessage" : true,
    "hasContent" : true
  },
  "afterStages" : [ {
    "name" : "driver::0",
    "time" : {
      "start" : 1725468416176,
      "stop" : 1725468416316,
      "duration" : 140
    },
    "status" : "passed",
    "steps" : [ ],
    "attachments" : [ {
      "uid" : "1a139828fcddee73",
      "name" : "Screenshot 2024-09-04 16:46:56.251718",
      "source" : "1a139828fcddee73.png",
      "type" : "image/png",
      "size" : 7498
    } ],
    "parameters" : [ ],
    "stepsCount" : 0,
    "attachmentsCount" : 1,
    "shouldDisplayMessage" : false,
    "hasContent" : true
  } ],
  "labels" : [ {
    "name" : "epic",
    "value" : "UI."
  }, {
    "name" : "parentSuite",
    "value" : "test_ui"
  }, {
    "name" : "suite",
    "value" : "test_ui_page"
  }, {
    "name" : "subSuite",
    "value" : "TestLoginPage"
  }, {
    "name" : "host",
    "value" : "fv-az1109-92"
  }, {
    "name" : "thread",
    "value" : "2255-MainThread"
  }, {
    "name" : "framework",
    "value" : "pytest"
  }, {
    "name" : "language",
    "value" : "cpython3"
  }, {
    "name" : "package",
    "value" : "test_ui.test_ui_page"
  }, {
    "name" : "resultFormat",
    "value" : "allure2"
  } ],
  "parameters" : [ ],
  "links" : [ ],
  "hidden" : false,
  "retry" : false,
  "extra" : {
    "severity" : "normal",
    "retries" : [ ],
    "categories" : [ {
      "name" : "Test defects",
      "matchedStatuses" : [ ],
      "flaky" : false
    } ],
    "history" : {
      "statistic" : {
        "failed" : 0,
        "broken" : 2,
        "skipped" : 0,
        "passed" : 3,
        "unknown" : 0,
        "total" : 5
      },
      "items" : [ {
        "uid" : "29713689c61cbf68",
        "reportUrl" : "https://lambotik.github.io/new_test_task/7//#testresult/29713689c61cbf68",
        "status" : "passed",
        "time" : {
          "start" : 1725468211273,
          "stop" : 1725468211819,
          "duration" : 546
        }
      }, {
        "uid" : "78672c4c83ad9eb4",
        "reportUrl" : "https://lambotik.github.io/new_test_task/6//#testresult/78672c4c83ad9eb4",
        "status" : "broken",
        "statusDetails" : "selenium.common.exceptions.TimeoutException: Message: timeout: Timed out receiving message from renderer: 300.000\n  (Session info: chrome=128.0.6613.113)\nStacktrace:\n#0 0x55f2279088da <unknown>\n#1 0x55f2275d6e50 <unknown>\n#2 0x55f2275bee20 <unknown>\n#3 0x55f2275beb0d <unknown>\n#4 0x55f2275bcb11 <unknown>\n#5 0x55f2275bd31f <unknown>\n#6 0x55f2275cce3b <unknown>\n#7 0x55f2275e3204 <unknown>\n#8 0x55f2275e874b <unknown>\n#9 0x55f2275bda2e <unknown>\n#10 0x55f2275e3059 <unknown>\n#11 0x55f22766988f <unknown>\n#12 0x55f22764b233 <unknown>\n#13 0x55f227619093 <unknown>\n#14 0x55f22761a09e <unknown>\n#15 0x55f2278cfb3b <unknown>\n#16 0x55f2278d3af1 <unknown>\n#17 0x55f2278bb705 <unknown>\n#18 0x55f2278d4662 <unknown>\n#19 0x55f2278a08df <unknown>\n#20 0x55f2278f76d8 <unknown>\n#21 0x55f2278f78a2 <unknown>\n#22 0x55f2279076cc <unknown>\n#23 0x7f2b2da94ac3 <unknown>",
        "time" : {
          "start" : 1725468019215,
          "stop" : 1725468019215,
          "duration" : 0
        }
      }, {
        "uid" : "b99c0a8a45b9faa3",
        "reportUrl" : "https://lambotik.github.io/new_test_task/5//#testresult/b99c0a8a45b9faa3",
        "status" : "passed",
        "time" : {
          "start" : 1725461888239,
          "stop" : 1725461888594,
          "duration" : 355
        }
      }, {
        "uid" : "a25180b63a0a2e5b",
        "reportUrl" : "https://lambotik.github.io/new_test_task/4//#testresult/a25180b63a0a2e5b",
        "status" : "passed",
        "time" : {
          "start" : 1725461233694,
          "stop" : 1725461233992,
          "duration" : 298
        }
      } ]
    },
    "tags" : [ ]
  },
  "source" : "d7ae369f29a2a2e8.json",
  "parameterValues" : [ ]
}